Command line:
   Alu_isim_beh.exe
     -simmode  gui
     -simrunnum  1
     -socket  4178

Thu Apr 07 10:31:08 2016


 Elaboration Time: 0.171875 sec

 Current Memory Usage: 846.533 Meg

 Total Signals          : 16
 Total Nets             : 114
 Total Signal Drivers   : 7
 Total Blocks           : 2
 Total Primitive Blocks : 2
 Total Processes        : 9
 Total Traceable Variables  : 20
 Total Scalar Nets and Variables : 227
Total Line Count : 30

 Total Simulation Time: 0.234375 sec

 Current Memory Usage: 846.533 Meg

Thu Apr 07 10:31:18 2016

