Release 14.7 - xst P.20131013 (nt64)
Copyright (c) 1995-2013 Xilinx, Inc.  All rights reserved.
--> Parameter TMPDIR set to xst/projnav.tmp


Total REAL time to Xst completion: 0.00 secs
Total CPU time to Xst completion: 0.60 secs
 
--> Parameter xsthdpdir set to xst


Total REAL time to Xst completion: 0.00 secs
Total CPU time to Xst completion: 0.60 secs
 
--> Reading design: counter.prj

TABLE OF CONTENTS
  1) Synthesis Options Summary
  2) HDL Compilation
  3) Design Hierarchy Analysis
  4) HDL Analysis
  5) HDL Synthesis
     5.1) HDL Synthesis Report
  6) Advanced HDL Synthesis
     6.1) Advanced HDL Synthesis Report
  7) Low Level Synthesis
  8) Partition Report
  9) Final Report
	9.1) Device utilization summary
	9.2) Partition Resource Summary
	9.3) TIMING REPORT


=========================================================================
*                      Synthesis Options Summary                        *
=========================================================================
---- Source Parameters
Input File Name                    : "counter.prj"
Input Format                       : mixed
Ignore Synthesis Constraint File   : NO

---- Target Parameters
Output File Name                   : "counter"
Output Format                      : NGC
Target Device                      : xc3s500e-4-fg320

---- Source Options
Top Module Name                    : counter
Automatic FSM Extraction           : YES
FSM Encoding Algorithm             : Auto
Safe Implementation                : No
FSM Style                          : LUT
RAM Extraction                     : Yes
RAM Style                          : Auto
ROM Extraction                     : Yes
Mux Style                          : Auto
Decoder Extraction                 : YES
Priority Encoder Extraction        : Yes
Shift Register Extraction          : YES
Logical Shifter Extraction         : YES
XOR Collapsing                     : YES
ROM Style                          : Auto
Mux Extraction                     : Yes
Resource Sharing                   : YES
Asynchronous To Synchronous        : NO
Multiplier Style                   : Auto
Automatic Register Balancing       : No

---- Target Options
Add IO Buffers                     : YES
Global Maximum Fanout              : 500
Add Generic Clock Buffer(BUFG)     : 24
Register Duplication               : YES
Slice Packing                      : YES
Optimize Instantiated Primitives   : NO
Use Clock Enable                   : Yes
Use Synchronous Set                : Yes
Use Synchronous Reset              : Yes
Pack IO Registers into IOBs        : Auto
Equivalent register Removal        : YES

---- General Options
Optimization Goal                  : Speed
Optimization Effort                : 1
Keep Hierarchy                     : No
Netlist Hierarchy                  : As_Optimized
RTL Output                         : Yes
Global Optimization                : AllClockNets
Read Cores                         : YES
Write Timing Constraints           : NO
Cross Clock Analysis               : NO
Hierarchy Separator                : /
Bus Delimiter                      : <>
Case Specifier                     : Maintain
Slice Utilization Ratio            : 100
BRAM Utilization Ratio             : 100
Verilog 2001                       : YES
Auto BRAM Packing                  : NO
Slice Utilization Ratio Delta      : 5

=========================================================================


=========================================================================
*                          HDL Compilation                              *
=========================================================================
Compiling verilog file "counter.v" in library work
Module <timeDivider> compiled
Module <counter> compiled
No errors in compilation
Analysis of file <"counter.prj"> succeeded.
 

=========================================================================
*                     Design Hierarchy Analysis                         *
=========================================================================
Analyzing hierarchy for module <counter> in library <work>.

Analyzing hierarchy for module <timeDivider> in library <work>.


=========================================================================
*                            HDL Analysis                               *
=========================================================================
Analyzing top module <counter>.
Module <counter> is correct for synthesis.
 
Analyzing module <timeDivider> in library <work>.
Module <timeDivider> is correct for synthesis.
 

=========================================================================
*                           HDL Synthesis                               *
=========================================================================

Performing bidirectional port resolution...

Synthesizing Unit <timeDivider>.
    Related source file is "counter.v".
    Found 1-bit register for signal <clockOut>.
    Found 24-bit up counter for signal <buffer>.
    Summary:
	inferred   1 Counter(s).
	inferred   1 D-type flip-flop(s).
Unit <timeDivider> synthesized.


Synthesizing Unit <counter>.
    Related source file is "counter.v".
    Found 4-bit down counter for signal <count>.
    Summary:
	inferred   1 Counter(s).
Unit <counter> synthesized.


=========================================================================
HDL Synthesis Report

Macro Statistics
# Counters                                             : 2
 24-bit up counter                                     : 1
 4-bit down counter                                    : 1
# Registers                                            : 1
 1-bit register                                        : 1

=========================================================================

=========================================================================
*                       Advanced HDL Synthesis                          *
=========================================================================


=========================================================================
Advanced HDL Synthesis Report

Macro Statistics
# Counters                                             : 2
 24-bit up counter                                     : 1
 4-bit down counter                                    : 1
# Registers                                            : 1
 Flip-Flops                                            : 1

=========================================================================

=========================================================================
*                         Low Level Synthesis                           *
=========================================================================

Optimizing unit <counter> ...

Mapping all equations...
Building and optimizing final netlist ...
Found area constraint ratio of 100 (+ 5) on block counter, actual ratio is 0.

Final Macro Processing ...

=========================================================================
Final Register Report

Macro Statistics
# Registers                                            : 29
 Flip-Flops                                            : 29

=========================================================================

=========================================================================
*                           Partition Report                            *
=========================================================================

Partition Implementation Status
-------------------------------

  No Partitions were found in this design.

-------------------------------

=========================================================================
*                            Final Report                               *
=========================================================================
Final Results
RTL Top Level Output File Name     : counter.ngr
Top Level Output File Name         : counter
Output Format                      : NGC
Optimization Goal                  : Speed
Keep Hierarchy                     : No

Design Statistics
# IOs                              : 6

Cell Usage :
# BELS                             : 90
#      GND                         : 1
#      INV                         : 3
#      LUT1                        : 23
#      LUT2                        : 1
#      LUT3                        : 1
#      LUT4                        : 7
#      MUXCY                       : 29
#      VCC                         : 1
#      XORCY                       : 24
# FlipFlops/Latches                : 29
#      FD                          : 25
#      FDS                         : 4
# Clock Buffers                    : 1
#      BUFGP                       : 1
# IO Buffers                       : 5
#      IBUF                        : 1
#      OBUF                        : 4
=========================================================================

Device utilization summary:
---------------------------

Selected Device : 3s500efg320-4 

 Number of Slices:                       19  out of   4656     0%  
 Number of Slice Flip Flops:             29  out of   9312     0%  
 Number of 4 input LUTs:                 35  out of   9312     0%  
 Number of IOs:                           6
 Number of bonded IOBs:                   6  out of    232     2%  
 Number of GCLKs:                         1  out of     24     4%  

---------------------------
Partition Resource Summary:
---------------------------

  No Partitions were found in this design.

---------------------------


=========================================================================
TIMING REPORT

NOTE: THESE TIMING NUMBERS ARE ONLY A SYNTHESIS ESTIMATE.
      FOR ACCURATE TIMING INFORMATION PLEASE REFER TO THE TRACE REPORT
      GENERATED AFTER PLACE-and-ROUTE.

Clock Information:
------------------
-----------------------------------+------------------------+-------+
Clock Signal                       | Clock buffer(FF name)  | Load  |
-----------------------------------+------------------------+-------+
mainClock                          | BUFGP                  | 25    |
td/clockOut                        | NONE(count_0)          | 4     |
-----------------------------------+------------------------+-------+
INFO:Xst:2169 - HDL ADVISOR - Some clock signals were not automatically buffered by XST with BUFG/BUFR resources. Please use the buffer_type constraint in order to insert these buffers to the clock signals to help prevent skew problems.

Asynchronous Control Signals Information:
----------------------------------------
No asynchronous control signals found in this design

Timing Summary:
---------------
Speed Grade: -4

   Minimum period: 4.732ns (Maximum Frequency: 211.327MHz)
   Minimum input arrival time before clock: 3.840ns
   Maximum output required time after clock: 4.496ns
   Maximum combinational path delay: No path found

Timing Detail:
--------------
All values displayed in nanoseconds (ns)

=========================================================================
Timing constraint: Default period analysis for Clock 'mainClock'
  Clock period: 4.732ns (frequency: 211.327MHz)
  Total number of paths / destination ports: 324 / 25
-------------------------------------------------------------------------
Delay:               4.732ns (Levels of Logic = 24)
  Source:            td/buffer_1 (FF)
  Destination:       td/buffer_23 (FF)
  Source Clock:      mainClock rising
  Destination Clock: mainClock rising

  Data Path: td/buffer_1 to td/buffer_23
                                Gate     Net
    Cell:in->out      fanout   Delay   Delay  Logical Name (Net Name)
    ----------------------------------------  ------------
     FD:C->Q               2   0.591   0.622  td/buffer_1 (td/buffer_1)
     LUT1:I0->O            1   0.704   0.000  td/Mcount_buffer_cy<1>_rt (td/Mcount_buffer_cy<1>_rt)
     MUXCY:S->O            1   0.464   0.000  td/Mcount_buffer_cy<1> (td/Mcount_buffer_cy<1>)
     MUXCY:CI->O           1   0.059   0.000  td/Mcount_buffer_cy<2> (td/Mcount_buffer_cy<2>)
     MUXCY:CI->O           1   0.059   0.000  td/Mcount_buffer_cy<3> (td/Mcount_buffer_cy<3>)
     MUXCY:CI->O           1   0.059   0.000  td/Mcount_buffer_cy<4> (td/Mcount_buffer_cy<4>)
     MUXCY:CI->O           1   0.059   0.000  td/Mcount_buffer_cy<5> (td/Mcount_buffer_cy<5>)
     MUXCY:CI->O           1   0.059   0.000  td/Mcount_buffer_cy<6> (td/Mcount_buffer_cy<6>)
     MUXCY:CI->O           1   0.059   0.000  td/Mcount_buffer_cy<7> (td/Mcount_buffer_cy<7>)
     MUXCY:CI->O           1   0.059   0.000  td/Mcount_buffer_cy<8> (td/Mcount_buffer_cy<8>)
     MUXCY:CI->O           1   0.059   0.000  td/Mcount_buffer_cy<9> (td/Mcount_buffer_cy<9>)
     MUXCY:CI->O           1   0.059   0.000  td/Mcount_buffer_cy<10> (td/Mcount_buffer_cy<10>)
     MUXCY:CI->O           1   0.059   0.000  td/Mcount_buffer_cy<11> (td/Mcount_buffer_cy<11>)
     MUXCY:CI->O           1   0.059   0.000  td/Mcount_buffer_cy<12> (td/Mcount_buffer_cy<12>)
     MUXCY:CI->O           1   0.059   0.000  td/Mcount_buffer_cy<13> (td/Mcount_buffer_cy<13>)
     MUXCY:CI->O           1   0.059   0.000  td/Mcount_buffer_cy<14> (td/Mcount_buffer_cy<14>)
     MUXCY:CI->O           1   0.059   0.000  td/Mcount_buffer_cy<15> (td/Mcount_buffer_cy<15>)
     MUXCY:CI->O           1   0.059   0.000  td/Mcount_buffer_cy<16> (td/Mcount_buffer_cy<16>)
     MUXCY:CI->O           1   0.059   0.000  td/Mcount_buffer_cy<17> (td/Mcount_buffer_cy<17>)
     MUXCY:CI->O           1   0.059   0.000  td/Mcount_buffer_cy<18> (td/Mcount_buffer_cy<18>)
     MUXCY:CI->O           1   0.059   0.000  td/Mcount_buffer_cy<19> (td/Mcount_buffer_cy<19>)
     MUXCY:CI->O           1   0.059   0.000  td/Mcount_buffer_cy<20> (td/Mcount_buffer_cy<20>)
     MUXCY:CI->O           1   0.059   0.000  td/Mcount_buffer_cy<21> (td/Mcount_buffer_cy<21>)
     MUXCY:CI->O           0   0.059   0.000  td/Mcount_buffer_cy<22> (td/Mcount_buffer_cy<22>)
     XORCY:CI->O           1   0.804   0.000  td/Mcount_buffer_xor<23> (Result<23>)
     FD:D                      0.308          td/buffer_23
    ----------------------------------------
    Total                      4.732ns (4.110ns logic, 0.622ns route)
                                       (86.9% logic, 13.1% route)

=========================================================================
Timing constraint: Default period analysis for Clock 'td/clockOut'
  Clock period: 2.656ns (frequency: 376.506MHz)
  Total number of paths / destination ports: 10 / 4
-------------------------------------------------------------------------
Delay:               2.656ns (Levels of Logic = 1)
  Source:            count_0 (FF)
  Destination:       count_0 (FF)
  Source Clock:      td/clockOut rising
  Destination Clock: td/clockOut rising

  Data Path: count_0 to count_0
                                Gate     Net
    Cell:in->out      fanout   Delay   Delay  Logical Name (Net Name)
    ----------------------------------------  ------------
     FDS:C->Q              5   0.591   0.633  count_0 (count_0)
     INV:I->O              1   0.704   0.420  Mcount_count_xor<0>11_INV_0 (Result<0>)
     FDS:D                     0.308          count_0
    ----------------------------------------
    Total                      2.656ns (1.603ns logic, 1.053ns route)
                                       (60.4% logic, 39.6% route)

=========================================================================
Timing constraint: Default OFFSET IN BEFORE for Clock 'td/clockOut'
  Total number of paths / destination ports: 4 / 4
-------------------------------------------------------------------------
Offset:              3.840ns (Levels of Logic = 2)
  Source:            reset (PAD)
  Destination:       count_0 (FF)
  Destination Clock: td/clockOut rising

  Data Path: reset to count_0
                                Gate     Net
    Cell:in->out      fanout   Delay   Delay  Logical Name (Net Name)
    ----------------------------------------  ------------
     IBUF:I->O             1   1.218   0.420  reset_IBUF (reset_IBUF)
     INV:I->O              4   0.704   0.587  reset_inv1_INV_0 (reset_inv)
     FDS:S                     0.911          count_0
    ----------------------------------------
    Total                      3.840ns (2.833ns logic, 1.007ns route)
                                       (73.8% logic, 26.2% route)

=========================================================================
Timing constraint: Default OFFSET OUT AFTER for Clock 'td/clockOut'
  Total number of paths / destination ports: 4 / 4
-------------------------------------------------------------------------
Offset:              4.496ns (Levels of Logic = 1)
  Source:            count_0 (FF)
  Destination:       count<0> (PAD)
  Source Clock:      td/clockOut rising

  Data Path: count_0 to count<0>
                                Gate     Net
    Cell:in->out      fanout   Delay   Delay  Logical Name (Net Name)
    ----------------------------------------  ------------
     FDS:C->Q              5   0.591   0.633  count_0 (count_0)
     OBUF:I->O                 3.272          count_0_OBUF (count<0>)
    ----------------------------------------
    Total                      4.496ns (3.863ns logic, 0.633ns route)
                                       (85.9% logic, 14.1% route)

=========================================================================


Total REAL time to Xst completion: 20.00 secs
Total CPU time to Xst completion: 20.46 secs
 
--> 

Total memory usage is 293204 kilobytes

Number of errors   :    0 (   0 filtered)
Number of warnings :    0 (   0 filtered)
Number of infos    :    1 (   0 filtered)

